Copyright 1986-2019 Xilinx, Inc. All Rights Reserved.
-------------------------------------------------------------------------------------------------------------------------------------------------------------------------
| Tool Version     : Vivado v.2019.2 (win64) Build 2708876 Wed Nov  6 21:40:23 MST 2019
| Date             : Thu Dec  2 14:59:59 2021
| Host             : DESKTOP-64THS4F running 64-bit major release  (build 9200)
| Command          : report_power -file top_level_fresher_power_routed.rpt -pb top_level_fresher_power_summary_routed.pb -rpx top_level_fresher_power_routed.rpx
| Design           : top_level_fresher
| Device           : xc7a100tcsg324-1
| Design State     : routed
| Grade            : commercial
| Process          : typical
| Characterization : Production
-------------------------------------------------------------------------------------------------------------------------------------------------------------------------

Power Report

Table of Contents
-----------------
1. Summary
1.1 On-Chip Components
1.2 Power Supply Summary
1.3 Confidence Level
2. Settings
2.1 Environment
2.2 Clock Constraints
3. Detailed Reports
3.1 By Hierarchy

1. Summary
----------

+--------------------------+--------------+
| Total On-Chip Power (W)  | 0.305        |
| Design Power Budget (W)  | Unspecified* |
| Power Budget Margin (W)  | NA           |
| Dynamic (W)              | 0.206        |
| Device Static (W)        | 0.099        |
| Effective TJA (C/W)      | 4.6          |
| Max Ambient (C)          | 83.6         |
| Junction Temperature (C) | 26.4         |
| Confidence Level         | Low          |
| Setting File             | ---          |
| Simulation Activity File | ---          |
| Design Nets Matched      | NA           |
+--------------------------+--------------+
* Specify Design Power Budget using, set_operating_conditions -design_power_budget <value in Watts>


1.1 On-Chip Components
----------------------

+--------------------------+-----------+----------+-----------+-----------------+
| On-Chip                  | Power (W) | Used     | Available | Utilization (%) |
+--------------------------+-----------+----------+-----------+-----------------+
| Clocks                   |     0.015 |        5 |       --- |             --- |
| Slice Logic              |     0.010 |    12488 |       --- |             --- |
|   LUT as Logic           |     0.009 |     6072 |     63400 |            9.58 |
|   LUT as Distributed RAM |    <0.001 |      584 |     19000 |            3.07 |
|   Register               |    <0.001 |     4172 |    126800 |            3.29 |
|   CARRY4                 |    <0.001 |      214 |     15850 |            1.35 |
|   F7/F8 Muxes            |    <0.001 |      542 |     63400 |            0.85 |
|   Others                 |     0.000 |      151 |       --- |             --- |
| Signals                  |     0.014 |     8860 |       --- |             --- |
| Block RAM                |     0.036 |     18.5 |       135 |           13.70 |
| MMCM                     |     0.122 |        1 |         6 |           16.67 |
| I/O                      |     0.008 |       66 |       210 |           31.43 |
| Static Power             |     0.099 |          |           |                 |
| Total                    |     0.305 |          |           |                 |
+--------------------------+-----------+----------+-----------+-----------------+


1.2 Power Supply Summary
------------------------

+-----------+-------------+-----------+-------------+------------+
| Source    | Voltage (V) | Total (A) | Dynamic (A) | Static (A) |
+-----------+-------------+-----------+-------------+------------+
| Vccint    |       1.000 |     0.090 |       0.073 |      0.016 |
| Vccaux    |       1.800 |     0.086 |       0.068 |      0.018 |
| Vcco33    |       3.300 |     0.006 |       0.002 |      0.004 |
| Vcco25    |       2.500 |     0.000 |       0.000 |      0.000 |
| Vcco18    |       1.800 |     0.000 |       0.000 |      0.000 |
| Vcco15    |       1.500 |     0.000 |       0.000 |      0.000 |
| Vcco135   |       1.350 |     0.000 |       0.000 |      0.000 |
| Vcco12    |       1.200 |     0.000 |       0.000 |      0.000 |
| Vccaux_io |       1.800 |     0.000 |       0.000 |      0.000 |
| Vccbram   |       1.000 |     0.003 |       0.003 |      0.001 |
| MGTAVcc   |       1.000 |     0.000 |       0.000 |      0.000 |
| MGTAVtt   |       1.200 |     0.000 |       0.000 |      0.000 |
| Vccadc    |       1.800 |     0.020 |       0.000 |      0.020 |
+-----------+-------------+-----------+-------------+------------+


1.3 Confidence Level
--------------------

+-----------------------------+------------+--------------------------------------------------------+------------------------------------------------------------------------------------------------------------+
| User Input Data             | Confidence | Details                                                | Action                                                                                                     |
+-----------------------------+------------+--------------------------------------------------------+------------------------------------------------------------------------------------------------------------+
| Design implementation state | High       | Design is routed                                       |                                                                                                            |
| Clock nodes activity        | High       | User specified more than 95% of clocks                 |                                                                                                            |
| I/O nodes activity          | Low        | More than 75% of inputs are missing user specification | Provide missing input activity with simulation results or by editing the "By Resource Type -> I/Os" view   |
| Internal nodes activity     | Medium     | User specified less than 25% of internal nodes         | Provide missing internal nodes activity with simulation results or by editing the "By Resource Type" views |
| Device models               | High       | Device models are Production                           |                                                                                                            |
|                             |            |                                                        |                                                                                                            |
| Overall confidence level    | Low        |                                                        |                                                                                                            |
+-----------------------------+------------+--------------------------------------------------------+------------------------------------------------------------------------------------------------------------+


2. Settings
-----------

2.1 Environment
---------------

+-----------------------+--------------------------+
| Ambient Temp (C)      | 25.0                     |
| ThetaJA (C/W)         | 4.6                      |
| Airflow (LFM)         | 250                      |
| Heat Sink             | medium (Medium Profile)  |
| ThetaSA (C/W)         | 4.6                      |
| Board Selection       | medium (10"x10")         |
| # of Board Layers     | 12to15 (12 to 15 Layers) |
| Board Temperature (C) | 25.0                     |
+-----------------------+--------------------------+


2.2 Clock Constraints
---------------------

+--------------------+-------------------------------+-----------------+
| Clock              | Domain                        | Constraint (ns) |
+--------------------+-------------------------------+-----------------+
| clk_out1_clk_wiz_0 | clkdivider/clk_out1_clk_wiz_0 |            15.4 |
| clkfbout_clk_wiz_0 | clkdivider/clkfbout_clk_wiz_0 |            50.0 |
| sys_clk_pin        | clk_100mhz                    |            10.0 |
+--------------------+-------------------------------+-----------------+


3. Detailed Reports
-------------------

3.1 By Hierarchy
----------------

+-------------------------+-----------+
| Name                    | Power (W) |
+-------------------------+-----------+
| top_level_fresher       |     0.206 |
|   clkdivider            |     0.122 |
|   my_top_level_solver   |     0.018 |
|     my_iterative_solver |     0.013 |
|       my_generate_rows  |     0.005 |
|     my_translator       |     0.002 |
|   mymanual10x10         |     0.022 |
|     eight               |     0.002 |
|       rom1              |     0.001 |
|     five                |     0.002 |
|       rom1              |     0.001 |
|     four                |     0.002 |
|       rom1              |     0.001 |
|     nine                |     0.002 |
|       rom1              |     0.001 |
|     one                 |     0.003 |
|       rom1              |     0.001 |
|     seven               |     0.002 |
|       rom1              |     0.001 |
|     six                 |     0.002 |
|       rom1              |     0.001 |
|     three               |     0.002 |
|       rom1              |     0.001 |
|     two                 |     0.002 |
|       rom1              |     0.001 |
|   mymanual30_40         |     0.011 |
|   mysolved_disp         |     0.021 |
|     eight               |     0.002 |
|       rom1              |     0.001 |
|     five                |     0.002 |
|       rom1              |     0.001 |
|     four                |     0.002 |
|       rom1              |     0.001 |
|     nine                |     0.002 |
|       rom1              |     0.001 |
|     one                 |     0.002 |
|       rom1              |     0.001 |
|     seven               |     0.002 |
|       rom1              |     0.001 |
|     six                 |     0.002 |
|       rom1              |     0.001 |
|     three               |     0.002 |
|       rom1              |     0.001 |
|     two                 |     0.002 |
|       rom1              |     0.001 |
|   xvga1                 |     0.002 |
+-------------------------+-----------+


